..............................................脚本开始运行:staring.............................................
.............................................打开文件TianXing_getMemberData.ini.............................................
---------------------------------------------正在校验third_tx_menber_req表字段---------------------------------------------
crNo 字段测试通过,该值为空
idCard字段为加密字段不用效验
mobile字段为加密字段不用效验
applyNo 字段测试通过,该值为空
keyType字段效验通过
data..key字段效验通过
data..status字段效验通过
queryTime 字段在json中的值为[1535079734571]，在hive数据库的值为[u'2018-08-24 11:02:14.0']
---------------------------------------------正在校验third_tx_grqy_pnish_break表字段---------------------------------------------
crNo 字段测试通过,该值为空
idCard字段为加密字段不用效验
mobile字段为加密字段不用效验
applyNo 字段测试通过,该值为空
key字段效验通过
punishBreaks..caseCode字段效验通过
punishBreaks..name字段效验通过
punishBreaks..type字段效验通过
punishBreaks..sex字段效验通过
punishBreaks..age字段效验通过
punishBreaks..cardNum字段效验通过
punishBreaks..ysfzd字段效验通过
punishBreaks..businessEntity字段效验通过
punishBreaks..regDate字段效验通过
punishBreaks..publishDate字段效验通过
punishBreaks..courName字段效验通过
punishBreaks..areaName字段效验通过
punishBreaks..gistId字段效验通过
punishBreaks..gistUnit字段效验通过
punishBreaks..duty字段效验通过
punishBreaks..disruptTypeName字段效验通过
punishBreaks..performAnce字段效验通过
punishBreaks..performedPart字段效验通过
punishBreaks..unPerformPart字段效验通过
queryTime 字段在json中的值为[1535079734571]，在hive数据库的值为[u'2018-08-24 11:02:14.0']
---------------------------------------------正在校验third_tx_grqy_pnish表字段---------------------------------------------
crNo 字段测试通过,该值为空
idCard字段为加密字段不用效验
mobile字段为加密字段不用效验
applyNo 字段测试通过,该值为空
key字段效验通过
punished..caseCode字段效验通过
punished..name字段效验通过
punished..cardNum字段效验通过
punished..sex字段效验通过
punished..age字段效验通过
punished..areaName字段效验通过
punished..ysfzd字段效验通过
punished..courtName字段效验通过
punished..regDate字段效验通过
punished..caseState字段效验通过
punished..execMoney字段效验通过
queryTime 字段在json中的值为[1535079734571]，在hive数据库的值为[u'2018-08-24 11:02:14.0']
---------------------------------------------正在校验third_tx_grqy_case表字段---------------------------------------------
crNo 字段测试通过,该值为空
idCard字段为加密字段不用效验
mobile字段为加密字段不用效验
applyNo 字段测试通过,该值为空
key字段效验通过
caseInfos..caseTime字段效验通过
caseInfos..caseReason字段效验通过
caseInfos..caseVal字段效验通过
caseInfos..caseType字段效验通过
caseInfos..exeSort字段效验通过
caseInfos..caseResult字段效验通过
caseInfos..penDecNo字段效验通过
caseInfos..penDecIssDate字段效验通过
caseInfos..penAuth字段效验通过
caseInfos..illegFact字段效验通过
caseInfos..penBasis字段效验通过
caseInfos..penType字段效验通过
caseInfos..penResult字段效验通过
caseInfos..penAm字段效验通过
caseInfos..penExeSt字段效验通过
queryTime 字段在json中的值为[1535079734571]，在hive数据库的值为[u'2018-08-24 11:02:14.0']
---------------------------------------------正在校验third_tx_grqy_corporate表字段---------------------------------------------
crNo 字段测试通过,该值为空
idCard字段为加密字段不用效验
mobile字段为加密字段不用效验
applyNo 字段测试通过,该值为空
key字段效验通过
corporates..ryName字段效验通过
corporates..entName字段效验通过
corporates..regNo字段效验通过
corporates..entType字段效验通过
corporates..regCap 字段在json中的值为[u'40.000000']，在hive数据库的值为[u'40']
corporates..regCapCur字段效验通过
corporates..entStatus字段效验通过
queryTime 字段在json中的值为[1535079734571]，在hive数据库的值为[u'2018-08-24 11:02:14.0']
---------------------------------------------正在校验third_tx_grqy_corporate_holder表字段---------------------------------------------
crNo 字段测试通过,该值为空
idCard字段为加密字段不用效验
mobile字段为加密字段不用效验
applyNo 字段测试通过,该值为空
key字段效验通过
corporateShareholders..ryName字段效验通过
corporateShareholders..entName字段效验通过
corporateShareholders..regNo字段效验通过
corporateShareholders..entType字段效验通过
corporateShareholders..regCap 字段在json中的值为[u'40.000000']，在hive数据库的值为[u'40']
corporateShareholders..regCapCur字段效验通过
corporateShareholders..entStatus字段效验通过
corporateShareholders..subConam 字段在json中的值为[u'40.000000']，在hive数据库的值为[u'40']
corporateShareholders..currency字段效验通过
corporateShareholders..fundedRatio字段效验通过
queryTime 字段在json中的值为[1535079734571]，在hive数据库的值为[u'2018-08-24 11:02:14.0']
---------------------------------------------正在校验third_tx_grqy_corporate_manager表字段---------------------------------------------
crNo 字段测试通过,该值为空
idCard字段为加密字段不用效验
mobile字段为加密字段不用效验
applyNo 字段测试通过,该值为空
key字段效验通过
corporateManagers..ryName字段效验通过
corporateManagers..ryName字段效验通过
corporateManagers..entName字段效验通过
corporateManagers..entName字段效验通过
corporateManagers..regNo字段效验通过
corporateManagers..regNo字段效验通过
corporateManagers..entType字段效验通过
corporateManagers..entType字段效验通过
corporateManagers..regCap字段效验通过
corporateManagers..regCap字段效验通过
corporateManagers..regCapCur字段效验通过
corporateManagers..regCapCur字段效验通过
corporateManagers..entStatus字段效验通过
corporateManagers..entStatus字段效验通过
corporateManagers..position字段效验通过
corporateManagers..position字段效验通过
queryTime 字段在json中的值为[1535079734571]，在hive数据库的值为[u'2018-08-24 11:02:14.0', u'2018-08-24 11:02:14.0']

.............................................打开文件moxie_fundReport.ini.............................................
---------------------------------------------正在校验third_moxie_fndrpt_common表字段---------------------------------------------
crNo 字段测试通过,该值为空
idCard字段为加密字段不用效验
mobile字段为加密字段不用效验
applyNo 字段测试通过,该值为空
task_id字段效验通过
message字段效验通过
update_time 字段在json中的值为[u'2017-11-16 09:25:30']，在hive数据库的值为[u'2017-11-16 09:25:30.0']
reserved字段效验通过
queryTime 字段在json中的值为[1535079734571]，在hive数据库的值为[u'2018-08-24 11:02:14.0']
---------------------------------------------正在校验third_moxie_fndrpt_user表字段---------------------------------------------
crNo 字段测试通过,该值为空
idCard字段为加密字段不用效验
mobile字段为加密字段不用效验
applyNo 字段测试通过,该值为空
task_id字段效验通过
real_name字段效验通过
gender字段效验通过
certificate_type字段效验通过
certificate_number字段效验通过
age字段效验通过
native_place字段效验通过
email字段效验通过
home_address字段效验通过
mobile字段效验通过
description字段效验通过
corporation_name字段效验通过
compay_type字段效验通过
queryTime 字段在json中的值为[1535079734571]，在hive数据库的值为[u'2018-08-24 11:02:14.0']
---------------------------------------------正在校验third_moxie_fndrpt_user_chk表字段---------------------------------------------
crNo 字段测试通过,该值为空
idCard字段为加密字段不用效验
mobile字段为加密字段不用效验
applyNo 字段测试通过,该值为空
task_id字段效验通过
user_basic_info_check..certificate_number_checks字段效验通过
user_basic_info_check..description_is_match_home_addresss字段效验通过
user_basic_info_check..native_place_is_match_descriptions字段效验通过
user_basic_info_check..home_address_is_match_native_places字段效验通过
queryTime 字段在json中的值为[1535079734571]，在hive数据库的值为[u'2018-08-24 11:02:14.0']

.............................................打开文件baiqishi_gpscountrycheck.ini.............................................
---------------------------------------------正在校验third_bqs_gps_country_check表字段---------------------------------------------
crNo 字段测试通过,该值为空
idCard字段为加密字段不用效验
mobile字段为加密字段不用效验
applyNo 字段测试通过,该值为空
longitude 字段在json中的值为[112.64716]，在hive数据库的值为[u'112.64716']
latitude 字段在json中的值为[23.819426]，在hive数据库的值为[u'23.819426']
resultCode字段效验通过
resultDesc字段效验通过
flowNo字段效验通过
resultData.isSuccess字段效验通过
resultData.checkCode字段效验通过
resultData.checkDesc字段效验通过
resultData.completeName字段效验通过
resultData.country字段效验通过
resultData.province字段效验通过
resultData.county字段效验通过
resultData.city字段效验通过
resultData.code字段效验通过
resultData.pcode字段效验通过
resultData.level字段效验通过
queryTime 字段在json中的值为[1535079734571]，在hive数据库的值为[u'2018-08-24 11:02:14.0']

.............................................打开文件zhongan_assessAddrReliability.ini.............................................
---------------------------------------------正在校验third_za_addr_bility表字段---------------------------------------------
crNo 字段测试通过,该值为空
idCard字段为加密字段不用效验
mobile字段为加密字段不用效验
applyNo 字段测试通过,该值为空
bizContent..head..accountNo 字段测试通过,该值为空
bizContent..head..appKey 字段测试通过,该值为空
bizContent..head..privateKey 字段测试通过,该值为空
bizContent..head..requestNo 字段测试通过,该值为空
bizContent..head..serviceName 字段测试通过,该值为空
bizContent..head..methodName 字段测试通过,该值为空
bizContent..head..rspCode字段效验通过
bizContent..head..rspMsg字段效验通过
bizContent..head..rspTime 字段在json中的值为[1016]，在hive数据库的值为[u'1016']
bizContent..body..reqInfo..certiNo字段效验通过
bizContent..body..reqInfo..name字段效验通过
bizContent..body..reqInfo..address字段效验通过
bizContent..body..reqInfo..phone字段效验通过
bizContent..body..reqInfo..type 字段测试通过,该值为空
bizContent..body..rspInfo..status 字段测试通过,该值为空
bizContent..body..rspInfo..message 字段测试通过,该值为空
bizContent..body..rspInfo..matchRank字段效验通过
bizContent..body..rspInfo..agingRank 字段测试通过,该值为空
bizContent..body..rspInfo..custAgingRank字段效验通过
bizContent..body..rspInfo..addrRichRank字段效验通过
bizContent..body..rspInfo..addAgingRank字段效验通过
bizContent..body..rspInfo..matchDistance字段效验通过
bizContent..body..rspInfo..custRichRank字段效验通过
bizContent..body..rspInfo..latestAddrDistance 字段测试通过,该值为空
queryTime 字段在json中的值为[1535079734571]，在hive数据库的值为[u'2018-08-24 11:02:14.0']

.............................................打开文件traffic_violation.ini.............................................
---------------------------------------------正在校验third_tx_traffic_violation表字段---------------------------------------------
crNo 字段测试通过,该值为空
idCard字段为加密字段不用效验
mobile字段为加密字段不用效验
applyNo 字段测试通过,该值为空
carNumber字段效验通过
carCode字段效验通过
carDriverNumber字段效验通过
data..errorCodes字段效验通过
data..hasDatas字段效验通过
data..errMessages字段效验通过
records..times字段效验通过
records..times字段效验通过
records..locations字段效验通过
records..locations字段效验通过
records..reasons字段效验通过
records..reasons字段效验通过
records..counts字段效验通过
records..counts字段效验通过
records..statuss字段效验通过
records..statuss字段效验通过
records..degrees字段效验通过
records..degrees字段效验通过
records..codes字段效验通过
records..codes字段效验通过
queryTime 字段在json中的值为[1535079734571]，在hive数据库的值为[u'2018-08-24 11:02:14.0', u'2018-08-24 11:02:14.0']

..............................................JuXinLi_jxlAddressList.ini文件不存在，请检查..............................................
.............................................打开文件chaboshi_getReport.ini.............................................
---------------------------------------------正在校验third_cbs_rpt_common表字段---------------------------------------------
crNo 字段测试通过,该值为空
idCard字段为加密字段不用效验
mobile字段为加密字段不用效验
applyNo 字段测试通过,该值为空
plateNo字段效验通过
engineNo字段效验通过
vin字段效验通过
Code字段效验通过
Message字段效验通过
modelName字段效验通过
seriesName字段效验通过
makeReportDate字段效验通过
reportNo字段效验通过
manufacturer字段效验通过
makeDate字段效验通过
productionArea字段效验通过
carType字段效验通过
transmissionType字段效验通过
displacement字段效验通过
effluentStandard字段效验通过
carFireFlag字段效验通过
carWaterFlag字段效验通过
carComponentRecordsFlag字段效验通过
carConstructRecordsFlag字段效验通过
carOutsideRecordsFlag字段效验通过
mileageIsNormalFlag字段效验通过
mileageEstimate字段效验通过
lastMainTainTime字段效验通过
mainTainTimes字段效验通过
lastRepairTime字段效验通过
mileageEveryYear字段效验通过
queryTime 字段在json中的值为[1535079734571]，在hive数据库的值为[u'2018-08-24 11:02:14.0']
---------------------------------------------正在校验third_cbs_rpt_normal表字段---------------------------------------------
crNo 字段测试通过,该值为空
idCard字段为加密字段不用效验
mobile字段为加密字段不用效验
applyNo 字段测试通过,该值为空
vin字段效验通过
flowNos字段效验通过
normalRepairRecords..contents字段效验通过
normalRepairRecords..contents字段效验通过
normalRepairRecords..dates字段效验通过
normalRepairRecords..dates字段效验通过
normalRepairRecords..materals字段效验通过
normalRepairRecords..materals字段效验通过
normalRepairRecords..mileage 字段在json中的值为[u'', u'']，在hive数据库的值为[None, None]
normalRepairRecords..mileage 字段在json中的值为[u'', u'']，在hive数据库的值为[None, None]
normalRepairRecords..payTypes字段效验通过
normalRepairRecords..payTypes字段效验通过
normalRepairRecords..types字段效验通过
normalRepairRecords..types字段效验通过
normalRepairRecords..remarks字段效验通过
normalRepairRecords..remarks字段效验通过
..queryTime 字段在hive数据库的值为[u'2018-08-24 11:02:14.0', u'2018-08-24 11:02:14.0']
---------------------------------------------正在校验third_cbs_rpt_struct_record表字段---------------------------------------------
crNo 字段测试通过,该值为空
idCard字段为加密字段不用效验
mobile字段为加密字段不用效验
applyNo 字段测试通过,该值为空
vin字段效验通过
flowNos字段效验通过
constructAnalyzeRepairRecords..contents字段效验通过
constructAnalyzeRepairRecords..dates字段效验通过
constructAnalyzeRepairRecords..materals字段效验通过
constructAnalyzeRepairRecords..mileages字段效验通过
constructAnalyzeRepairRecords..payTypes字段效验通过
constructAnalyzeRepairRecords..types字段效验通过
constructAnalyzeRepairRecords..remarks字段效验通过
queryTime 字段在json中的值为[1535079734571]，在hive数据库的值为[u'2018-08-24 11:02:14.0']
---------------------------------------------正在校验third_cbs_rpt_cmpnt_record表字段---------------------------------------------
crNo 字段测试通过,该值为空
idCard字段为加密字段不用效验
mobile字段为加密字段不用效验
applyNo 字段测试通过,该值为空
vin字段效验通过
flowNos字段效验通过
componentAnalyzeRepairRecords..contents字段效验通过
componentAnalyzeRepairRecords..dates字段效验通过
componentAnalyzeRepairRecords..materals字段效验通过
componentAnalyzeRepairRecords..mileages字段效验通过
componentAnalyzeRepairRecords..payTypes字段效验通过
componentAnalyzeRepairRecords..types字段效验通过
componentAnalyzeRepairRecords..remarks字段效验通过
queryTime 字段在json中的值为[1535079734571]，在hive数据库的值为[u'2018-08-24 11:02:14.0']
---------------------------------------------正在校验third_cbs_rpt_outside_record表字段---------------------------------------------
crNo 字段测试通过,该值为空
idCard字段为加密字段不用效验
mobile字段为加密字段不用效验
applyNo 字段测试通过,该值为空
vin字段效验通过
flowNos字段效验通过
outsideAnalyzeRepairRecords..contents字段效验通过
outsideAnalyzeRepairRecords..dates字段效验通过
outsideAnalyzeRepairRecords..materals字段效验通过
outsideAnalyzeRepairRecords..mileages字段效验通过
outsideAnalyzeRepairRecords..payTypes字段效验通过
outsideAnalyzeRepairRecords..types字段效验通过
outsideAnalyzeRepairRecords..remarks字段效验通过
queryTime 字段在json中的值为[1535079734571]，在hive数据库的值为[u'2018-08-24 11:02:14.0']

.............................................打开文件geo_threeBaseData.ini.............................................
---------------------------------------------正在校验third_geo_threebase_ispnum表字段---------------------------------------------
crNo 字段测试通过,该值为空
idCard字段为加密字段不用效验
mobile字段为加密字段不用效验
applyNo 字段测试通过,该值为空
flowNos字段效验通过
ISPNUM..provinces字段效验通过
ISPNUM..citys字段效验通过
ISPNUM..isps字段效验通过
queryTime 字段在json中的值为[1535079734571]，在hive数据库的值为[u'2018-08-24 11:02:14.0']
---------------------------------------------正在校验third_geo_threebase_rsl表字段---------------------------------------------
crNo 字段测试通过,该值为空
idCard字段为加密字段不用效验
mobile字段为加密字段不用效验
applyNo 字段测试通过,该值为空
flowNos字段效验通过
RSL..RS.codes字段效验通过
RSL..RS.descs字段效验通过
RSL..IFTs字段效验通过
queryTime 字段在json中的值为[1535079734571]，在hive数据库的值为[u'2018-08-24 11:02:14.0']
---------------------------------------------正在校验third_geo_threebase_ecl表字段---------------------------------------------
crNo 字段在hive数据库的值为[]
idCard字段为加密字段不用效验
mobile字段为加密字段不用效验
applyNo 字段在hive数据库的值为[]
flowNo 字段在json中的值为[u'b933bac2a0bf496da1c7162c2d9c60b6']，在hive数据库的值为[]
ECL..code 字段在hive数据库的值为[]
ECL..IFT 字段在hive数据库的值为[]
queryTime 字段在json中的值为[1535079734571]，在hive数据库的值为[]

.............................................打开文件TianXing_getCompanyInfoData.ini.............................................
---------------------------------------------正在校验third_tx_company_common表字段---------------------------------------------
crNo 字段测试通过,该值为空
idCard字段为加密字段不用效验
mobile字段为加密字段不用效验
applyNo 字段测试通过,该值为空
key 字段在json中的值为[u'XXXXXXXXXX']，在hive数据库的值为[u'\u4e0a\u6d77\u541b\u60a6\u4f1a\u5c55\u670d\u52a1\u6709\u9650\u516c\u53f8']
keyType字段效验通过
data..key字段效验通过
data..status字段在json内属于多值数组，测试通过
data..status 字段在json中的值为[u'EXIST', u'1']，在hive数据库的值为[u'EXIST']
queryTime 字段在json中的值为[1535079734571]，在hive数据库的值为[u'2018-08-24 11:02:14.0']
---------------------------------------------正在校验third_tx_company_busi_basic表字段---------------------------------------------
crNo 字段在hive数据库的值为[]
idCard字段为加密字段不用效验
mobile字段为加密字段不用效验
applyNo 字段在hive数据库的值为[]
key 字段在json中的值为[u'XXXXXXXXXX']，在hive数据库的值为[]
businessBasic..entName 字段在hive数据库的值为[]
businessBasic..regNo 字段在hive数据库的值为[]
businessBasic..oRigegNo 字段在hive数据库的值为[]
businessBasic..fName 字段在hive数据库的值为[]
businessBasic..regCap 字段在hive数据库的值为[]
businessBasic..recCap 字段在hive数据库的值为[]
businessBasic..regCapCur 字段在hive数据库的值为[]
businessBasic..entStatus 字段在hive数据库的值为[]
businessBasic..entType 字段在hive数据库的值为[]
businessBasic..esDate 字段在hive数据库的值为[]
businessBasic..opFrom 字段在hive数据库的值为[]
businessBasic..opTo 字段在hive数据库的值为[]
businessBasic..dom 字段在hive数据库的值为[]
businessBasic..regorg 字段在hive数据库的值为[]
businessBasic..abuItem 字段在hive数据库的值为[]
businessBasic..cbuItem 字段在hive数据库的值为[]
businessBasic..opScope 字段在hive数据库的值为[]
businessBasic..opScoandForm 字段在hive数据库的值为[]
businessBasic..anCheYear 字段在hive数据库的值为[]
businessBasic..changDate 字段在hive数据库的值为[]
businessBasic..canDate 字段在hive数据库的值为[]
businessBasic..revDate 字段在hive数据库的值为[]
businessBasic..anCheDate 字段在hive数据库的值为[]
businessBasic..induStryphyCode 字段在hive数据库的值为[]
businessBasic..induStryphyName 字段在hive数据库的值为[]
businessBasic..induStryCoCode 字段在hive数据库的值为[]
businessBasic..induStryCoName 字段在hive数据库的值为[]
businessBasic..creditNo 字段在hive数据库的值为[]
businessBasic..apprdate 字段在hive数据库的值为[]
queryTime 字段在json中的值为[1535079734571]，在hive数据库的值为[]
---------------------------------------------正在校验third_tx_company_shareholder表字段---------------------------------------------
crNo 字段测试通过,该值为空
idCard字段为加密字段不用效验
mobile字段为加密字段不用效验
applyNo 字段测试通过,该值为空
key 字段在json中的值为[u'\u4e0a\u6d77\u541b\u60a6\u4f1a\u5c55\u670d\u52a1\u6709\u9650\u516c\u53f8']，在hive数据库的值为[u'XXXXXXXXXX', u'XXXXXXXXXX']
shareholder..shaName 字段在hive数据库的值为[u'XXXXXXXXXX', u'XXXXXXXXXX']
shareholder..subConAm 字段在hive数据库的值为[u'694.785714', u'324.214286']
shareholder..regCapCur 字段在hive数据库的值为[u'\u4eba\u6c11\u5e01\u5143', u'\u4eba\u6c11\u5e01\u5143']
shareholder..conForm 字段在hive数据库的值为[u'\u8d27\u5e01', u'\u8d27\u5e01']
shareholder..fundedRatio 字段测试通过,该值为空
shareholder..conDate 字段在hive数据库的值为[u'', u'']
shareholder..country 字段在hive数据库的值为[u'\u4e2d\u56fd', u'\u4e2d\u56fd']
shareholder..invaMount 字段在hive数据库的值为[u'2', u'2']
queryTime 字段在json中的值为[1535079734571]，在hive数据库的值为[u'2018-08-24 11:02:14.0', u'2018-08-24 11:02:14.0']
---------------------------------------------正在校验third_tx_company_shareholder_person表字段---------------------------------------------
crNo 字段测试通过,该值为空
idCard字段为加密字段不用效验
mobile字段为加密字段不用效验
applyNo 字段测试通过,该值为空
key 字段在json中的值为[u'\u4e0a\u6d77\u541b\u60a6\u4f1a\u5c55\u670d\u52a1\u6709\u9650\u516c\u53f8']，在hive数据库的值为[u'XXXXXXXXXX', u'XXXXXXXXXX']
shareholderPersons..name 字段在hive数据库的值为[u'XXXXXXXXXX', u'XXXXXXXXXX']
shareholderPersons..position 字段在hive数据库的值为[u'\u7ecf\u7406', u'\u6267\u884c\u8463\u4e8b']
shareholderPersons..sex 字段在hive数据库的值为[u'', u'']
shareholderPersons..personAmount 字段在hive数据库的值为[u'3', u'3']
queryTime 字段在json中的值为[1535079734571]，在hive数据库的值为[u'2018-08-24 11:02:14.0', u'2018-08-24 11:02:14.0']
---------------------------------------------正在校验third_tx_company_person_invest表字段---------------------------------------------
crNo 字段测试通过,该值为空
idCard字段为加密字段不用效验
mobile字段为加密字段不用效验
applyNo 字段测试通过,该值为空
key 字段在json中的值为[u'\u4e0a\u6d77\u541b\u60a6\u4f1a\u5c55\u670d\u52a1\u6709\u9650\u516c\u53f8']，在hive数据库的值为[u'XXXXXXXXXX', u'XXXXXXXXXX']
legalPersonInvests..name 字段在hive数据库的值为[u'XXXXXXXXXX', u'XXXXXXXXXX']
legalPersonInvests..entName 字段在hive数据库的值为[u'XXXXXXXXXX \u6709\u9650\u8d23\u4efb\u516c\u53f8', u'\u5317\u4eac XXXXXXXXXX \u8d23\u4efb\u516c\u53f8']
legalPersonInvests..regNo 字段在hive数据库的值为[u'XXXXXXXXXX', u'XXXXXXXXXX']
legalPersonInvests..entType 字段在hive数据库的值为[u'\u6709\u9650\u8d23\u4efb\u516c\u53f8(\u81ea\u7136\u4eba\u6295\u8d44\u6216\u63a7\u80a1)', u'\u6709\u9650\u8d23\u4efb\u516c\u53f8(\u81ea\u7136\u4eba\u6295\u8d44\u6216\u63a7\u80a1)']
legalPersonInvests..regCap 字段在hive数据库的值为[u'100.000000', u'100.000000']
legalPersonInvests..regCapCur 字段在hive数据库的值为[u'\u4eba\u6c11\u5e01\u5143', u'\u4eba\u6c11\u5e01\u5143']
legalPersonInvests..entStatus 字段在hive数据库的值为[u'\u5728\u8425\uff08\u5f00\u4e1a\uff09', u'\u5728\u8425\uff08\u5f00\u4e1a\uff09']
legalPersonInvests..canDate 字段在hive数据库的值为[u'', u'']
legalPersonInvests..revDate 字段在hive数据库的值为[u'', u'']
legalPersonInvests..regOrg 字段在hive数据库的值为[u'\u5317\u4eac\u5e02\u6d77\u6dc0\u533a\u5de5\u5546\u884c\u653f\u7ba1\u7406\u5c40', u'\u5317\u4eac\u5e02\u6d77\u6dc0\u533a\u5de5\u5546\u884c\u653f\u7ba1\u7406\u5c40']
legalPersonInvests..subConAm 字段在hive数据库的值为[u'0.000000', u'99.000000']
legalPersonInvests..curRenCy 字段在hive数据库的值为[u'\u4eba\u6c11\u5e01\u5143', u'\u4eba\u6c11\u5e01\u5143']
legalPersonInvests..conForm 字段在hive数据库的值为[u'\u8d27\u5e01', u'\u8d27\u5e01']
legalPersonInvests..fundedRatio 字段在hive数据库的值为[u'0', u'99.00%']
legalPersonInvests..esDate 字段在hive数据库的值为[u'2016-02-22', u'2016-02-26']
legalPersonInvests..postCode 字段在hive数据库的值为[u'110108', u'110108']
legalPersonInvests..entAmount 字段在hive数据库的值为[u'2', u'2']
queryTime 字段在json中的值为[1535079734571]，在hive数据库的值为[u'2018-08-24 11:02:14.0', u'2018-08-24 11:02:14.0']
---------------------------------------------正在校验third_tx_company_person_postion表字段---------------------------------------------
crNo 字段测试通过,该值为空
idCard字段为加密字段不用效验
mobile字段为加密字段不用效验
applyNo 字段测试通过,该值为空
key 字段在json中的值为[u'\u4e0a\u6d77\u541b\u60a6\u4f1a\u5c55\u670d\u52a1\u6709\u9650\u516c\u53f8']，在hive数据库的值为[u'XXXXXXXXXX']
legalPersonPostions..name 字段在hive数据库的值为[u'XXXXXXXXXX']
legalPersonPostions..entName 字段在hive数据库的值为[u'XXXXXXXXXX \u6709\u9650\u516c\u53f8']
legalPersonPostions..regNo 字段在hive数据库的值为[u'XXXXXXXXXX']
legalPersonPostions..entType 字段在hive数据库的值为[u'\u6709\u9650\u8d23\u4efb\u516c\u53f8(\u53f0\u6e2f\u6fb3\u6cd5\u4eba\u72ec\u8d44)']
legalPersonPostions..regCap 字段在hive数据库的值为[u'1800.000000']
legalPersonPostions..regCapCur 字段在hive数据库的值为[u'\u7f8e\u5143']
legalPersonPostions..entStatus 字段在hive数据库的值为[u'\u5728\u8425\uff08\u5f00\u4e1a\uff09']
legalPersonPostions..canDate 字段在hive数据库的值为[u'']
legalPersonPostions..revDate 字段在hive数据库的值为[u'']
legalPersonPostions..regOrg 字段在hive数据库的值为[u'\u5317\u4eac\u5e02\u5de5\u5546\u884c\u653f\u7ba1\u7406\u5c40']
legalPersonPostions..position 字段在hive数据库的值为[u'']
legalPersonPostions..lerepSign 字段在hive数据库的值为[u'\u662f']
legalPersonPostions..esDate 字段在hive数据库的值为[u'2014-07-23']
legalPersonPostions..entAmount 字段在hive数据库的值为[u'1']
legalPersonPostions..postCode 字段在hive数据库的值为[u'110000']
queryTime 字段在json中的值为[1535079734571]，在hive数据库的值为[u'2018-08-24 11:02:14.0']
---------------------------------------------正在校验third_tx_company_entprs_invest表字段---------------------------------------------
crNo 字段测试通过,该值为空
idCard字段为加密字段不用效验
mobile字段为加密字段不用效验
applyNo 字段测试通过,该值为空
key 字段在json中的值为[u'\u4e0a\u6d77\u541b\u60a6\u4f1a\u5c55\u670d\u52a1\u6709\u9650\u516c\u53f8']，在hive数据库的值为[u'XXXXXXXXXX', u'XXXXXXXXXX']
enterpriseInvests..entName 字段测试通过,该值为空
enterpriseInvests..regNo 字段在hive数据库的值为[u'XXXXXXXXXX', u'XXXXXXXXXX']
enterpriseInvests..entType 字段在hive数据库的值为[u'\u6709\u9650\u8d23\u4efb\u516c\u53f8(\u81ea\u7136\u4eba\u6295\u8d44\u6216\u63a7\u80a1\u7684\u6cd5\u4eba\u72ec\u8d44)', u'\u6709\u9650\u8d23\u4efb\u516c\u53f8']
enterpriseInvests..regCap 字段在hive数据库的值为[u'5000.000000', u'1000.000000']
enterpriseInvests..regCapCur 字段在hive数据库的值为[u'\u4eba\u6c11\u5e01\u5143', u'\u4eba\u6c11\u5e01\u5143']
enterpriseInvests..entStatus 字段在hive数据库的值为[u'\u5728\u8425\uff08\u5f00\u4e1a\uff09', u'\u5728\u8425\uff08\u5f00\u4e1a\uff09']
enterpriseInvests..canDate 字段在hive数据库的值为[u'', u'']
enterpriseInvests..revDate 字段在hive数据库的值为[u'', u'']
enterpriseInvests..regOrg 字段在hive数据库的值为[u'\u6df1\u5733\u5e02\u5e02\u573a\u76d1\u7763\u7ba1\u7406\u5c40', u'\u5317\u4eac\u5e02\u6d77\u6dc0\u533a\u5de5\u5546\u884c\u653f\u7ba1\u7406\u5c40']
enterpriseInvests..subConAm 字段在hive数据库的值为[u'5000.000000', u'0.000000']
enterpriseInvests..conGroCur 字段在hive数据库的值为[u'\u4eba\u6c11\u5e01\u5143', u'']
enterpriseInvests..conFrom 字段测试通过,该值为空
enterpriseInvests..fundedRation 字段测试通过,该值为空
enterpriseInvests..binvvAmount 字段在hive数据库的值为[u'4', u'4']
enterpriseInvests..name 字段在hive数据库的值为[u'XXXXXXXXXX', u'XXXXXXXXXX']
enterpriseInvests..openingDate 字段在hive数据库的值为[u'2015-11-04', u'2015-04-10']
enterpriseInvests..postCode 字段在hive数据库的值为[u'440300', u'110108']
enterpriseInvests..creditCode 字段在hive数据库的值为[u'XXXXXXXXXX', u'91110108339816623C']
queryTime 字段在json中的值为[1535079734571]，在hive数据库的值为[u'2018-08-24 11:02:14.0', u'2018-08-24 11:02:14.0']
---------------------------------------------正在校验third_tx_company_chg_msg表字段---------------------------------------------
crNo 字段测试通过,该值为空
idCard字段为加密字段不用效验
mobile字段为加密字段不用效验
applyNo 字段测试通过,该值为空
key 字段在json中的值为[u'\u4e0a\u6d77\u541b\u60a6\u4f1a\u5c55\u670d\u52a1\u6709\u9650\u516c\u53f8']，在hive数据库的值为[u'XXXXXXXXXX', u'XXXXXXXXXX', u'XXXXXXXXXX', u'XXXXXXXXXX', u'XXXXXXXXXX', u'XXXXXXXXXX', u'XXXXXXXXXX', u'XXXXXXXXXX', u'XXXXXXXXXX', u'XXXXXXXXXX', u'XXXXXXXXXX', u'XXXXXXXXXX']
alterInfos..altDate 字段在hive数据库的值为[u'2013-09-29', u'2013-09-29', u'2016-03-18', u'2015-11-20', u'2015-11-20', u'2015-11-20', u'2015-04-09', u'2014-11-20', u'2014-11-20', u'2014-01-20', u'2014-01-20', u'2015-09-21']
alterInfos..altItem 字段在hive数据库的值为[u'\u4f4f\u6240\u53d8\u66f4', u'\u7ecf\u8425\u8303\u56f4\u53d8\u66f4', u'\u6ce8\u518c\u8d44\u672c(\u91d1)\u53d8\u66f4', u'\u4f4f\u6240\u53d8\u66f4', u'\u6cd5\u5b9a\u4ee3\u8868\u4eba\u53d8\u66f4', u'\u8d1f\u8d23\u4eba\u53d8\u66f4', u'\u7ecf\u8425\u8303\u56f4\u53d8\u66f4', u'\u540d\u79f0\u53d8\u66f4', u'\u7ecf\u8425\u8303\u56f4\u53d8\u66f4', u'\u6ce8\u518c\u8d44\u672c(\u91d1)\u53d8\u66f4', u'\u5b9e\u6536\u8d44\u672c\u53d8\u66f4', u'\u6295\u8d44\u4eba(\u80a1\u6743)\u53d8\u66f4']
alterInfos..altBe 字段在hive数据库的值为[u'\u5317\u4eac\u5e02 XXXXXXXXXX', u'\u6280\u672f\u63a8\u5e7f\u670d\u52a1\uff1b\u8ba1\u7b97\u673a\u6280\u672f\u57f9\u8bad\uff1b\u8ba1\u7b97\u673a\u7cfb\u7edf\u670d\u52a1\uff1b\u6570\u636e\u5904\u7406\uff1b \u7ec4\u7ec7\u6587\u5316\u827a\u672f\u4ea4\u6d41\u6d3b\u52a8\uff08 \u4e0d\u542b\u6f14\u51fa\uff09\uff1b \u627f\u529e\u5c55\u89c8\u5c55\u793a\u6d3b\u52a8\uff1b \u4f1a\u8bae\u670d\u52a1\uff1b \u7ecf\u6d4e\u8d38\u6613\u54a8\u8be2\uff1b \u6295\u8d44\u54a8\u8be2\uff1b \u5e02\u573a\u8c03\u67e5\uff1b \u4f01\u4e1a\u7b56\u5212\uff1b \u8bbe\u8ba1\u3001 \u5236\u4f5c\u5e7f\u544a\uff1b \u7535\u8111\u52a8\u753b\u8bbe\u8ba1\uff1b \u9500\u552e\u8ba1\u7b97\u673a\u8f6f\u786c\u4ef6\u53ca\u8f85\u52a9\u8bbe\u5907\u3001 \u7535\u5b50\u4ea7\u54c1\u3001 \u901a\u8baf\u8bbe\u5907\uff1b \u6280\u672f\u8fdb\u51fa\u53e3\uff1b \u8d27\u7269\u8fdb\u51fa\u53e3\u3002 ', u'1700', u'\u5317\u4eac\u5e02 XXXXXXXXXX', u'XXXXXXXXXX', u'XXXXXXXXXX', u'\u91d1\u878d\u4fe1\u606f\u670d\u52a1\uff08\u672a\u7ecf\u884c\u653f\u8bb8\u53ef\u4e0d\u5f97\u5f00\u5c55\u91d1\u878d\u4e1a\u52a1\uff09\uff1b\u6280\u672f\u63a8\u5e7f\u670d\u52a1\uff1b \u6570\u636e\u5904\u7406\uff08 \u6570\u636e\u5904\u7406\u4e2d\u7684\u94f6\u884c\u5361\u4e2d\u5fc3\u3001 PUE \u503c\u5728 1.5 \u4ee5\u4e0a\u7684\u4e91\u8ba1\u7b97\u6570\u636e\u4e2d\u5fc3\u9664\u5916\uff09\uff1b \u7ecf\u6d4e\u8d38\u6613\u54a8\u8be2\uff1b \u6295\u8d44\u54a8\u8be2\uff1b \u5e02\u573a\u8c03\u67e5\uff1b \u4f01\u4e1a\u7b56\u5212\u3002\uff08 \u4f9d\u6cd5\u987b\u7ecf\u6279\u51c6\u7684\u9879\u76ee\uff0c \u7ecf\u76f8\u5173\u90e8\u95e8\u6279\u51c6\u540e\u65b9\u53ef\u5f00\u5c55\u7ecf\u8425\u6d3b\u52a8\uff09 ', u'\u5317\u4eac XXXXXXXXXX \u8d23\u4efb\u516c\u53f8', u'\u6280\u672f\u63a8\u5e7f\u670d\u52a1\uff1b\u6570\u636e\u5904\u7406\uff1b\u7ec4\u7ec7\u6587\u5316\u827a\u672f\u4ea4\u6d41\u6d3b\u52a8\uff08\u4e0d\u542b\u8425\u4e1a\u6027\u6f14\u51fa\uff09\uff1b \u627f\u529e\u5c55\u89c8\u5c55\u793a\u6d3b\u52a8\uff1b \u4f1a\u8bae\u670d\u52a1\uff1b \u7ecf\u6d4e\u8d38\u6613\u54a8\u8be2\uff1b \u6295\u8d44\u54a8\u8be2\uff1b \u5e02\u573a\u8c03\u67e5\uff1b \u4f01\u4e1a\u7b56\u5212\uff1b \u8bbe\u8ba1\u3001 \u5236\u4f5c\u5e7f\u544a\uff1b \u7535\u8111\u52a8\u753b\u8bbe\u8ba1\u3002\uff08 \u672a\u53d6\u5f97\u884c\u653f\u8bb8\u53ef\u7684\u9879\u76ee\u9664\u5916\uff09 ', u'500', u'500', u'XXXXXXXXXX']
alterInfos..altAf 字段在hive数据库的值为[u'\u5317\u4eac\u5e02 XXXXXXXXXX', u'\u6280\u672f\u63a8\u5e7f\u670d\u52a1\uff1b\u6570\u636e\u5904\u7406\uff1b\u7ec4\u7ec7\u6587\u5316\u827a\u672f\u4ea4\u6d41\u6d3b\u52a8\uff08\u4e0d\u542b\u8425\u4e1a\u6027\u6f14\u51fa\uff09\uff1b \u627f\u529e\u5c55\u89c8\u5c55\u793a\u6d3b\u52a8\uff1b \u4f1a\u8bae\u670d\u52a1\uff1b \u7ecf\u6d4e\u8d38\u6613\u54a8\u8be2\uff1b \u6295\u8d44\u54a8\u8be2\uff1b \u5e02\u573a\u8c03\u67e5\uff1b \u4f01\u4e1a\u7b56\u5212\uff1b \u8bbe\u8ba1\u3001 \u5236\u4f5c\u5e7f\u544a\uff1b \u7535\u8111\u52a8\u753b\u8bbe\u8ba1\u3002\uff08 \u672a\u53d6\u5f97\u884c\u653f\u8bb8\u53ef\u7684\u9879\u76ee\u9664\u5916\uff09', u'5000', u'\u5317\u4eac\u5e02 XXXXXXXXXX', u'XXXXXXXXXX', u'XXXXXXXXXX', u'\u7b2c\u4e8c\u7c7b\u589e\u503c\u7535\u4fe1\u4e1a\u52a1\u4e2d\u7684\u4fe1\u606f\u670d\u52a1\u4e1a\u52a1\uff08\u4ec5\u9650\u4e92\u8054\u7f51\u4fe1\u606f\u670d\u52a1\uff09\uff08 \u4e92\u8054\u7f51\u4fe1\u606f\u670d\u52a1\u4e0d\u542b\u65b0\u95fb\u3001 \u51fa\u7248\u3001 \u6559\u80b2\u3001 \u533b\u7597\u4fdd\u5065\u3001 \u836f\u54c1\u548c\u533b\u7597\u5668\u68b0\u3001 \u7535\u5b50\u516c\u544a\u670d\u52a1\uff09\uff08 \u7535\u4fe1\u4e0e\u4fe1\u606f\u670d\u52a1\u4e1a\u52a1\u7ecf\u8425\u8bb8\u53ef\u8bc1\u6709\u6548\u671f\u81f3 2019 \u5e74 1 \u6708 17 \u65e5\uff09 \u91d1\u878d\u4fe1\u606f\u670d\u52a1\uff08 \u672a\u7ecf\u884c\u653f\u8bb8\u53ef\u4e0d\u5f97\u5f00\u5c55\u91d1\u878d\u4e1a\u52a1\uff09\uff1b \u6280\u672f\u63a8\u5e7f\u670d\u52a1\uff1b \u6570\u636e\u5904\u7406\uff08 \u6570\u636e\u5904\u7406\u4e2d\u7684\u94f6\u884c\u5361\u4e2d\u5fc3\u3001 PUE \u503c\u5728 1.5 \u4ee5\u4e0a\u7684\u4e91\u8ba1\u7b97\u6570\u636e\u4e2d\u5fc3\u9664\u5916\uff09\uff1b \u7ecf\u6d4e\u8d38\u6613\u54a8\u8be2\uff1b\u6295\u8d44\u54a8\u8be2\uff1b \u5e02\u573a\u8c03\u67e5\uff1b \u4f01\u4e1a\u7b56\u5212\u3002 \u4f9d\u6cd5\u987b\u7ecf\u6279\u51c6\u7684\u9879\u76ee\uff0c \u7ecf\u76f8\u5173\u90e8\u95e8\u6279\u51c6\u540e\u4f9d\u6279\u51c6\u7684\u5185\u5bb9\u5f00\u5c55\u7ecf\u8425\u6d3b\u52a8', u'\u5317\u4eac XXXXXXXXXX \u6709\u9650\u8d23\u4efb\u516c\u53f8', u'\u91d1\u878d\u4fe1\u606f\u670d\u52a1\uff08\u672a\u7ecf\u884c\u653f\u8bb8\u53ef\u4e0d\u5f97\u5f00\u5c55\u91d1\u878d\u4e1a\u52a1\uff09\uff1b\u6280\u672f\u63a8\u5e7f\u670d\u52a1\uff1b \u6570\u636e\u5904\u7406\uff08 \u6570\u636e\u5904\u7406\u4e2d\u7684\u94f6\u884c\u5361\u4e2d\u5fc3\u3001 PUE \u503c\u5728 1.5 \u4ee5\u4e0a\u7684\u4e91\u8ba1\u7b97\u6570\u636e\u4e2d\u5fc3\u9664\u5916\uff09\uff1b \u7ecf\u6d4e\u8d38\u6613\u54a8\u8be2\uff1b \u6295\u8d44\u54a8\u8be2\uff1b \u5e02\u573a\u8c03\u67e5\uff1b \u4f01\u4e1a\u7b56\u5212\u3002\uff08 \u4f9d\u6cd5\u987b\u7ecf\u6279\u51c6\u7684\u9879\u76ee\uff0c \u7ecf\u76f8\u5173\u90e8\u95e8\u6279\u51c6\u540e\u65b9\u53ef\u5f00\u5c55\u7ecf\u8425\u6d3b\u52a8\uff09 ', u'1700', u'1700', u'XXXXXXXXXX']
queryTime 字段在json中的值为[1535079734571]，在hive数据库的值为[u'2018-08-24 11:02:14.0', u'2018-08-24 11:02:14.0', u'2018-08-24 11:02:14.0', u'2018-08-24 11:02:14.0', u'2018-08-24 11:02:14.0', u'2018-08-24 11:02:14.0', u'2018-08-24 11:02:14.0', u'2018-08-24 11:02:14.0', u'2018-08-24 11:02:14.0', u'2018-08-24 11:02:14.0', u'2018-08-24 11:02:14.0', u'2018-08-24 11:02:14.0']
---------------------------------------------正在校验third_tx_company_branch表字段---------------------------------------------
crNo 字段测试通过,该值为空
idCard字段为加密字段不用效验
mobile字段为加密字段不用效验
applyNo 字段测试通过,该值为空
key 字段在json中的值为[u'\u4e0a\u6d77\u541b\u60a6\u4f1a\u5c55\u670d\u52a1\u6709\u9650\u516c\u53f8']，在hive数据库的值为[u'XXXXXXXXXX']
filiations..brName 字段在hive数据库的值为[u'']
filiations..brRegNo 字段在hive数据库的值为[u'']
filiations..brPrincipal 字段在hive数据库的值为[u'']
filiations..cbuItme 字段在hive数据库的值为[u'']
filiations..brAddr 字段在hive数据库的值为[u'']
filiations..brnCreditCode 字段在hive数据库的值为[u'']
filiations..brnRegOrg 字段在hive数据库的值为[u'']
filiations..brpripId 字段在hive数据库的值为[u'']
queryTime 字段在json中的值为[1535079734571]，在hive数据库的值为[u'2018-08-24 11:02:14.0']
---------------------------------------------正在校验third_tx_company_morgua表字段---------------------------------------------
crNo 字段测试通过,该值为空
idCard字段为加密字段不用效验
mobile字段为加密字段不用效验
applyNo 字段测试通过,该值为空
key 字段在json中的值为[u'\u4e0a\u6d77\u541b\u60a6\u4f1a\u5c55\u670d\u52a1\u6709\u9650\u516c\u53f8']，在hive数据库的值为[u'XXXXXXXXXX']
morguaInfos..comprehensiveDetail 字段在hive数据库的值为[u'35 \u826f\u597d\u62b5\u62bc\u4eba\u516c\u53f8\ufffd\ufffd\ufffd\u5e93\u826f\u597d']
morguaInfos..guaName 字段在hive数据库的值为[u'\u751f\u4ea7\u8bbe\u5907']
morguaInfos..remark 字段在hive数据库的值为[u'']
morguaInfos..regNo 字段在hive数据库的值为[u'XXXXXXXXXX']
morguaInfos..owner 字段在hive数据库的值为[u'XXXXXXXXXX \u6709\u9650\u516c\u53f8']
queryTime 字段在json中的值为[1535079734571]，在hive数据库的值为[u'2018-08-24 11:02:14.0']
---------------------------------------------正在校验third_tx_company_pnish_break表字段---------------------------------------------
crNo 字段测试通过,该值为空
idCard字段为加密字段不用效验
mobile字段为加密字段不用效验
applyNo 字段测试通过,该值为空
key 字段在json中的值为[u'\u4e0a\u6d77\u541b\u60a6\u4f1a\u5c55\u670d\u52a1\u6709\u9650\u516c\u53f8']，在hive数据库的值为[u'XXXXXXXXXX', u'XXXXXXXXXX']
punishBreaks..caseCode 字段在hive数据库的值为[u'(2017)\u4e91 0102 \u6267 1223 \u53f7', u'(2017)\u4e91 0102 \u6267 1224 \u53f7']
punishBreaks..caseState 字段在hive数据库的值为[u'', u'']
punishBreaks..name 字段在hive数据库的值为[u'XXXXXXXXXX', u'XXXXXXXXXX']
punishBreaks..type 字段在hive数据库的值为[u'\u6cd5\u4eba\u6216\u5176\u4ed6\u7ec4\u7ec7', u'\u6cd5\u4eba\u6216\u5176\u4ed6\u7ec4\u7ec7']
punishBreaks..sex 字段在hive数据库的值为[u'', u'']
punishBreaks..age 字段在hive数据库的值为[u'11', u'11']
punishBreaks..cardNum 字段在hive数据库的值为[u'676562900', u'676562900']
punishBreaks..ysfzd 字段在hive数据库的值为[u'', u'']
punishBreaks..businessEntity 字段在hive数据库的值为[u'XXXXXXXXXX', u'XXXXXXXXXX']
punishBreaks..regDate 字段在hive数据库的值为[u'2017-04-05', u'2017-04-05']
punishBreaks..publishDate 字段在hive数据库的值为[u'2017-06-13', u'2017-06-13']
punishBreaks..courName 字段在hive数据库的值为[u'XXXXXXXXXX \u4eba\u6c11\u6cd5\u9662', u'XXXXXXXXXX \u4eba\u6c11\u6cd5\u9662']
punishBreaks..areaName 字段在hive数据库的值为[u'\u4e91\u5357', u'\u4e91\u5357']
punishBreaks..gistId 字段在hive数据库的值为[u'(2016)\u4e91 0102 \u6c11\u521d 8678 \u53f7', u'(2016)\u4e91 0102 \u6c11\u521d 8680 \u53f7']
punishBreaks..gistUnit 字段在hive数据库的值为[u'XXXXXXXXXX \u6c11\u6cd5\u9662', u'XXXXXXXXXX \u4eba\u6c11\u6cd5\u9662']
punishBreaks..duty 字段在hive数据库的值为[u'', u'\u652f\u4ed8\u6b20\u6b3e\u53ca\u627f\u62c5\u5176\u5b83\u8d39\u7528']
punishBreaks..disruptTypeName 字段在hive数据库的值为[u'\u6709\u5c65\u884c\u80fd\u529b\u800c\u62d2\u4e0d\u5c65\u884c\u751f\u6548\u6cd5\u5f8b\u6587\u4e66\u786e\u5b9a\u4e49\u52a1 ', u'\u6709\u5c65\u884c\u80fd\u529b\u800c\u62d2\u4e0d\u5c65\u884c\u751f\u6548\u6cd5\u5f8b\u6587\u4e66\u786e\u5b9a\u4e49\u52a1 ']
punishBreaks..performAnce 字段在hive数据库的值为[u'\u5168\u90e8\u672a\u5c65\u884c', u'\u5168\u90e8\u672a\u5c65\u884c']
punishBreaks..performedPart 字段在hive数据库的值为[u'', u'']
punishBreaks..unPerformPart 字段在hive数据库的值为[u'', u'']
punishBreaks..exitDate 字段在hive数据库的值为[u'', u'']
punishBreaks..focusNumber 字段在hive数据库的值为[u'', u'']
queryTime 字段在json中的值为[1535079734571]，在hive数据库的值为[u'2018-08-24 11:02:14.0', u'2018-08-24 11:02:14.0']
---------------------------------------------正在校验third_tx_company_punished表字段---------------------------------------------
crNo 字段测试通过,该值为空
idCard字段为加密字段不用效验
mobile字段为加密字段不用效验
applyNo 字段测试通过,该值为空
key 字段在json中的值为[u'\u4e0a\u6d77\u541b\u60a6\u4f1a\u5c55\u670d\u52a1\u6709\u9650\u516c\u53f8']，在hive数据库的值为[u'XXXXXXXXXX', u'XXXXXXXXXX']
punished..caseCode 字段在hive数据库的值为[u'(2017)\u4e91 0102 \u6267 1224 \u53f7', u'(2017)\u4e91 0102 \u6267 1224 \u53f7']
punished..caseState 字段在hive数据库的值为[u'\u6267\u884c\u4e2d', u'\u6267\u884c\u4e2d']
punished..name 字段在hive数据库的值为[u'XXXXXXXXXX \u6709\u9650\u516c\u53f8', u'XXXXXXXXXX']
punished..cardNum 字段在hive数据库的值为[u'676562900', u'53010319690****251X']
punished..sex 字段在hive数据库的值为[u'', u'\u7537']
punished..age 字段在hive数据库的值为[u'', u'48']
punished..areaName 字段在hive数据库的值为[u'', u'']
punished..ysfzd 字段在hive数据库的值为[u'', u'XXXXXXXXXX \u76d8\u9f99\u533a']
punished..courtName 字段在hive数据库的值为[u'XXXXXXXXXX \u4eba\u6c11\u6cd5\u9662', u'XXXXXXXXXX \u533a\u4eba\u6c11\u6cd5\u9662']
punished..regDate 字段在hive数据库的值为[u'2017-04-05', u'2017-04-05']
punished..execMoney 字段在hive数据库的值为[u'6112822', u'6112822']
punished..focusNum 字段在hive数据库的值为[u'0', u'0']
queryTime 字段在json中的值为[1535079734571]，在hive数据库的值为[u'2018-08-24 11:02:14.0', u'2018-08-24 11:02:14.0']
---------------------------------------------正在校验third_tx_company_share_frost表字段---------------------------------------------
crNo 字段测试通过,该值为空
idCard字段为加密字段不用效验
mobile字段为加密字段不用效验
applyNo 字段测试通过,该值为空
key 字段在json中的值为[u'\u4e0a\u6d77\u541b\u60a6\u4f1a\u5c55\u670d\u52a1\u6709\u9650\u516c\u53f8']，在hive数据库的值为[u'XXXXXXXXXX']
sharesFrosts..froDocNo 字段在hive数据库的值为[u'']
sharesFrosts..froAuth 字段在hive数据库的值为[u'']
sharesFrosts..froFrom 字段在hive数据库的值为[u'']
sharesFrosts..froTo 字段在hive数据库的值为[u'']
sharesFrosts..froAm 字段在hive数据库的值为[u'']
sharesFrosts..thawAuth 字段在hive数据库的值为[u'']
sharesFrosts..thawDocNo 字段在hive数据库的值为[u'']
sharesFrosts..thawDate 字段在hive数据库的值为[u'']
sharesFrosts..thawComment 字段在hive数据库的值为[u'']
queryTime 字段在json中的值为[1535079734571]，在hive数据库的值为[u'2018-08-24 11:02:14.0']
---------------------------------------------正在校验third_tx_company_liquid表字段---------------------------------------------
crNo 字段在hive数据库的值为[]
idCard字段为加密字段不用效验
mobile字段为加密字段不用效验
applyNo 字段在hive数据库的值为[]
key 字段在json中的值为[u'\u4e0a\u6d77\u541b\u60a6\u4f1a\u5c55\u670d\u52a1\u6709\u9650\u516c\u53f8']，在hive数据库的值为[]
liquidations..ligEntity 字段在hive数据库的值为[]
liquidations..ligPrincipal 字段在hive数据库的值为[]
liquidations..liQMen 字段在hive数据库的值为[]
liquidations..liGSt 字段在hive数据库的值为[]
liquidations..ligEndDate 字段在hive数据库的值为[]
liquidations..debtTranee 字段在hive数据库的值为[]
liquidations..claimTranee 字段在hive数据库的值为[]
liquidations..mobile 字段在hive数据库的值为[]
liquidations..address 字段在hive数据库的值为[]
queryTime 字段在json中的值为[1535079734571]，在hive数据库的值为[]
---------------------------------------------正在校验third_tx_company_case表字段---------------------------------------------
crNo 字段测试通过,该值为空
idCard字段为加密字段不用效验
mobile字段为加密字段不用效验
applyNo 字段测试通过,该值为空
key 字段在json中的值为[u'\u4e0a\u6d77\u541b\u60a6\u4f1a\u5c55\u670d\u52a1\u6709\u9650\u516c\u53f8']，在hive数据库的值为[u'XXXXXXXXXX']
caseInfos..penDecNo 字段在hive数据库的值为[u'\u4eac\u5de5\u5546\u6d77\u5904\u5b57\u30142017\u3015\u7b2c XXXXXXXXXX \u53f7']
caseInfos..penDecIssDate 字段在hive数据库的值为[u'2017-05-12']
caseInfos..penAuth 字段在hive数据库的值为[u'']
caseInfos..penAuthCn 字段在hive数据库的值为[u'\u5317\u4eac\u5e02\u5de5\u5546\u884c\u653f\u7ba1\u7406\u5c40\u6d77\u6dc0\u5206\u5c40']
caseInfos..illegFact 字段在hive数据库的值为[u'']
caseInfos..penType 字段在hive数据库的值为[u'']
caseInfos..penTypeDescription 字段在hive数据库的值为[u'']
caseInfos..penContent 字段在hive数据库的值为[u'\u7f5a\u6b3e 100000 \u5143\u3002']
caseInfos..announcementDate 字段在hive数据库的值为[u'']
queryTime 字段在json中的值为[1535079734571]，在hive数据库的值为[u'2018-08-24 11:02:14.0']
---------------------------------------------正在校验third_tx_company_dcdy_chgr表字段---------------------------------------------
crNo 字段测试通过,该值为空
idCard字段为加密字段不用效验
mobile字段为加密字段不用效验
applyNo 字段测试通过,该值为空
key 字段在json中的值为[u'\u4e0a\u6d77\u541b\u60a6\u4f1a\u5c55\u670d\u52a1\u6709\u9650\u516c\u53f8']，在hive数据库的值为[u'XXXXXXXXXX']
mortgageAlter..alterDate 字段在hive数据库的值为[u'']
mortgageAlter..alterDetail 字段在hive数据库的值为[u'']
mortgageAlter..RegNo 字段在hive数据库的值为[u'']
queryTime 字段在json中的值为[1535079734571]，在hive数据库的值为[u'2018-08-24 11:02:14.0']
---------------------------------------------正在校验third_tx_company_dcdy_cancel表字段---------------------------------------------
crNo 字段测试通过,该值为空
idCard字段为加密字段不用效验
mobile字段为加密字段不用效验
applyNo 字段测试通过,该值为空
key 字段在json中的值为[u'\u4e0a\u6d77\u541b\u60a6\u4f1a\u5c55\u670d\u52a1\u6709\u9650\u516c\u53f8']，在hive数据库的值为[u'XXXXXXXXXX']
mortgageCancels..cancelDate 字段在hive数据库的值为[u'2015-01-30']
mortgageCancels..cancelReason 字段在hive数据库的值为[u'\u62c5\u4fdd\u7269\u6743\u5b9e\u73b0']
mortgageCancels..regNo 字段在hive数据库的值为[u'5301022015010001_1_3']
queryTime 字段在json中的值为[1535079734571]，在hive数据库的值为[u'2018-08-24 11:02:14.0']
---------------------------------------------正在校验third_tx_company_dcdy_debtor表字段---------------------------------------------
crNo 字段测试通过,该值为空
idCard字段为加密字段不用效验
mobile字段为加密字段不用效验
applyNo 字段测试通过,该值为空
key 字段在json中的值为[u'\u4e0a\u6d77\u541b\u60a6\u4f1a\u5c55\u670d\u52a1\u6709\u9650\u516c\u53f8']，在hive数据库的值为[u'XXXXXXXXXX']
mortgageDebtors..startDate 字段在hive数据库的值为[u'2013-12-30']
mortgageDebtors..endtDate 字段在hive数据库的值为[u'2014-12-30']
mortgageDebtors..amount 字段在hive数据库的值为[u'1000.0 \u4e07\u5143']
mortgageDebtors..range 字段在hive数据库的值为[u'\u4e3b\u503a\u6743\u53ca\u5229\u606f\u3001\u8fdd\u7ea6\u91d1\u3001\u635f\u5bb3\u8d54\u507f\u91d1\u548c\u5b9e\u73b0\u62b5\u62bc\u6743\u7684\u8d39\u7528 ']
mortgageDebtors..remark 字段在hive数据库的值为[u'']
mortgageDebtors..type 字段在hive数据库的值为[u'000001']
mortgageDebtors..regNo 字段在hive数据库的值为[u'5301022015010001_1_3']
queryTime 字段在json中的值为[1535079734571]，在hive数据库的值为[u'2018-08-24 11:02:14.0']
---------------------------------------------正在校验third_tx_company_dcdy_person表字段---------------------------------------------
crNo 字段测试通过,该值为空
idCard字段为加密字段不用效验
mobile字段为加密字段不用效验
applyNo 字段测试通过,该值为空
key 字段在json中的值为[u'\u4e0a\u6d77\u541b\u60a6\u4f1a\u5c55\u670d\u52a1\u6709\u9650\u516c\u53f8']，在hive数据库的值为[u'XXXXXXXXXX']
mortgagePersons..credentialNo 字段在hive数据库的值为[u'\uff08\u975e\u516c\u793a\u9879\uff09']
mortgagePersons..credentialType 字段在hive数据库的值为[u'']
mortgagePersons..domain 字段在hive数据库的值为[u'']
mortgagePersons..name 字段在hive数据库的值为[u'\u4e91\u5357\u5efa\u798f\u878d\u8d44\u62c5\u4fdd\u6709\u9650\u516c\u53f8']
mortgagePersons..regNo 字段在hive数据库的值为[u'5301022015010001_1_3']
queryTime 字段在json中的值为[1535079734571]，在hive数据库的值为[u'2018-08-24 11:02:14.0']
---------------------------------------------正在校验third_tx_company_dcdy_regist表字段---------------------------------------------
crNo 字段测试通过,该值为空
idCard字段为加密字段不用效验
mobile字段为加密字段不用效验
applyNo 字段测试通过,该值为空
key 字段在json中的值为[u'\u4e0a\u6d77\u541b\u60a6\u4f1a\u5c55\u670d\u52a1\u6709\u9650\u516c\u53f8']，在hive数据库的值为[u'XXXXXXXXXX']
mortgageRegisters..startDate 字段在hive数据库的值为[u'']
mortgageRegisters..endDate 字段在hive数据库的值为[u'']
mortgageRegisters..amount 字段在hive数据库的值为[u'']
mortgageRegisters..range 字段在hive数据库的值为[u'']
mortgageRegisters..type 字段在hive数据库的值为[u'']
mortgageRegisters..regNo 字段在hive数据库的值为[u'5301022015010001_1_3']
mortgageRegisters..registerDate 字段在hive数据库的值为[u'2015-01-21']
mortgageRegisters..registerOrg 字段在hive数据库的值为[u'\u4e94\u534e\u533a\u5e02\u573a\u76d1\u7763\u7ba1\u7406\u5c40']
mortgageRegisters..provinceNo 字段在hive数据库的值为[u'530000']
mortgageRegisters..status 字段在hive数据库的值为[u'1']
queryTime 字段在json中的值为[1535079734571]，在hive数据库的值为[u'2018-08-24 11:02:14.0']
---------------------------------------------正在校验third_tx_company_break_law表字段---------------------------------------------
crNo 字段测试通过,该值为空
idCard字段为加密字段不用效验
mobile字段为加密字段不用效验
applyNo 字段测试通过,该值为空
key 字段在json中的值为[u'\u4e0a\u6d77\u541b\u60a6\u4f1a\u5c55\u670d\u52a1\u6709\u9650\u516c\u53f8']，在hive数据库的值为[u'XXXXXXXXXX']
breakLaw..inDate 字段在hive数据库的值为[u'']
breakLaw..inReason 字段在hive数据库的值为[u'']
breakLaw..inRegOrg 字段在hive数据库的值为[u'']
breakLaw..inSn 字段在hive数据库的值为[u'']
breakLaw..outDate 字段在hive数据库的值为[u'']
breakLaw..outReason 字段在hive数据库的值为[u'']
breakLaw..outRegOrg 字段在hive数据库的值为[u'']
breakLaw..outSn 字段在hive数据库的值为[u'']
queryTime 字段在json中的值为[1535079734571]，在hive数据库的值为[u'2018-08-24 11:02:14.0']
---------------------------------------------正在校验third_tx_company_exep_list表字段---------------------------------------------
crNo 字段测试通过,该值为空
idCard字段为加密字段不用效验
mobile字段为加密字段不用效验
applyNo 字段测试通过,该值为空
key 字段在json中的值为[u'\u4e0a\u6d77\u541b\u60a6\u4f1a\u5c55\u670d\u52a1\u6709\u9650\u516c\u53f8']，在hive数据库的值为[u'XXXXXXXXXX']
exceptionLists..name 字段在hive数据库的值为[u'']
exceptionLists..type 字段在hive数据库的值为[u'']
exceptionLists..inDate 字段在hive数据库的值为[u'']
exceptionLists..inReason 字段在hive数据库的值为[u'']
exceptionLists..outDate 字段在hive数据库的值为[u'']
exceptionLists..outReason 字段在hive数据库的值为[u'']
exceptionLists..regNo 字段在hive数据库的值为[u'']
exceptionLists..shxydm 字段在hive数据库的值为[u'']
exceptionLists..inOrg 字段在hive数据库的值为[u'']
exceptionLists..outOrg 字段在hive数据库的值为[u'']
queryTime 字段在json中的值为[1535079734571]，在hive数据库的值为[u'2018-08-24 11:02:14.0']
---------------------------------------------正在校验third_tx_company_org_basic表字段---------------------------------------------
crNo 字段测试通过,该值为空
idCard字段为加密字段不用效验
mobile字段为加密字段不用效验
applyNo 字段测试通过,该值为空
key 字段在json中的值为[u'\u4e0a\u6d77\u541b\u60a6\u4f1a\u5c55\u670d\u52a1\u6709\u9650\u516c\u53f8']，在hive数据库的值为[u'XXXXXXXXXX']
orgBasics..jgdm 字段在hive数据库的值为[u'']
orgBasics..jgdz 字段在hive数据库的值为[u'']
orgBasics..jgmc 字段在hive数据库的值为[u'']
orgBasics..zybz 字段在hive数据库的值为[u'']
queryTime 字段在json中的值为[1535079734571]，在hive数据库的值为[u'2018-08-24 11:02:14.0']
---------------------------------------------正在校验third_tx_company_org_detail表字段---------------------------------------------
crNo 字段测试通过,该值为空
idCard字段为加密字段不用效验
mobile字段为加密字段不用效验
applyNo 字段测试通过,该值为空
key 字段在json中的值为[u'\u4e0a\u6d77\u541b\u60a6\u4f1a\u5c55\u670d\u52a1\u6709\u9650\u516c\u53f8']，在hive数据库的值为[u'XXXXXXXXXX']
orgDetails..bzjg 字段在hive数据库的值为[u'']
orgDetails..bzrq 字段在hive数据库的值为[u'']
orgDetails..fddbr 字段在hive数据库的值为[u'']
orgDetails..jgdm 字段在hive数据库的值为[u'']
orgDetails..jgdz 字段在hive数据库的值为[u'']
orgDetails..jglx 字段在hive数据库的值为[u'']
orgDetails..jgmc 字段在hive数据库的值为[u'']
orgDetails..xzqh 字段在hive数据库的值为[u'']
orgDetails..zcrq 字段在hive数据库的值为[u'']
orgDetails..zfrq 字段在hive数据库的值为[u'']
orgDetails..zybz 字段在hive数据库的值为[u'']
queryTime 字段在json中的值为[1535079734571]，在hive数据库的值为[u'2018-08-24 11:02:14.0']
---------------------------------------------正在校验third_tx_company_equity表字段---------------------------------------------
crNo 字段测试通过,该值为空
idCard字段为加密字段不用效验
mobile字段为加密字段不用效验
applyNo 字段测试通过,该值为空
key 字段在json中的值为[u'\u4e0a\u6d77\u541b\u60a6\u4f1a\u5c55\u670d\u52a1\u6709\u9650\u516c\u53f8']，在hive数据库的值为[u'XXXXXXXXXX', u'XXXXXXXXXX']
equityInfos..stkPawnCzamt 字段在hive数据库的值为[u'324.214286 \u4e07\u5143', u'595.285714 \u4e07\u5143']
equityInfos..stkPawnCzcerno 字段在hive数据库的值为[u'', u'']
equityInfos..stkPawnCzper 字段在hive数据库的值为[u'XXXXXXXXXX', u'XXXXXXXXXX']
equityInfos..stkPawnDate 字段在hive数据库的值为[u'', u'']
equityInfos..stkPawnRegdate 字段在hive数据库的值为[u'2015-09-21', u'2015-09-21']
equityInfos..stkPawnRegno 字段在hive数据库的值为[u'XXXXXXXXXX', u'XXXXXXXXXX']
equityInfos..stkPawnStatus 字段在hive数据库的值为[u'\u6ce8\u9500', u'\u6ce8\u9500']
equityInfos..stkPawnZqcerno 字段在hive数据库的值为[u'XXXXXXXXXX', u'XXXXXXXXXX']
equityInfos..stkPawnZqper 字段在hive数据库的值为[u'XXXXXXXXXX \u6709\u9650\u516c\u53f8', u'XXXXXXXXXX \u6709\u9650\u516c\u53f8']
equityInfos..content 字段在hive数据库的值为[u'', u'']
queryTime 字段在json中的值为[1535079734571]，在hive数据库的值为[u'2018-08-24 11:02:14.0', u'2018-08-24 11:02:14.0']
---------------------------------------------正在校验third_tx_company_equity_chrg表字段---------------------------------------------
crNo 字段测试通过,该值为空
idCard字段为加密字段不用效验
mobile字段为加密字段不用效验
applyNo 字段测试通过,该值为空
key 字段在json中的值为[u'\u4e0a\u6d77\u541b\u60a6\u4f1a\u5c55\u670d\u52a1\u6709\u9650\u516c\u53f8']，在hive数据库的值为[u'XXXXXXXXXX', u'XXXXXXXXXX']
equityChangeInfos..stkPawnBgnr 字段在hive数据库的值为[u'', u'']
equityChangeInfos..stkPawnBgrq 字段在hive数据库的值为[u'', u'']
equityChangeInfos..content 字段在hive数据库的值为[u'http://gsxt.ynaic.gov.cn/notice/notice/view_pledge?uuid=530100D0000000062669717835 ', u'http://gsxt.ynaic.gov.cn/notice/notice/view_pledge?uuid=530100D0000000062669717830 ']
queryTime 字段在json中的值为[1535079734571]，在hive数据库的值为[u'2018-08-24 11:02:14.0', u'2018-08-24 11:02:14.0']
---------------------------------------------正在校验third_tx_company_equity_cancel表字段---------------------------------------------
crNo 字段测试通过,该值为空
idCard字段为加密字段不用效验
mobile字段为加密字段不用效验
applyNo 字段测试通过,该值为空
key 字段在json中的值为[u'\u4e0a\u6d77\u541b\u60a6\u4f1a\u5c55\u670d\u52a1\u6709\u9650\u516c\u53f8']，在hive数据库的值为[u'XXXXXXXXXX', u'XXXXXXXXXX']
cancellationOfInfos..stkPawnDate 字段在hive数据库的值为[u'2015-08-11', u'2015-08-11']
cancellationOfInfos..stkPawnRes 字段在hive数据库的值为[u'\u4e3b\u503a\u6743\u6d88\u706d', u'\u4e3b\u503a\u6743\u6d88\u706d']
cancellationOfInfos..content 字段在hive数据库的值为[u'http://gsxt.ynaic.gov.cn/notice/notice/view_pledge?uuid=530100D0000000062669717829 ', u'http://gsxt.ynaic.gov.cn/notice/notice/view_pledge?uuid=530100D0000000062669717828 ']
queryTime 字段在json中的值为[1535079734571]，在hive数据库的值为[u'2018-08-24 11:02:14.0', u'2018-08-24 11:02:14.0']
---------------------------------------------正在校验third_tx_company_trade_mark表字段---------------------------------------------
crNo 字段测试通过,该值为空
idCard字段为加密字段不用效验
mobile字段为加密字段不用效验
applyNo 字段测试通过,该值为空
key 字段在json中的值为[u'\u4e0a\u6d77\u541b\u60a6\u4f1a\u5c55\u670d\u52a1\u6709\u9650\u516c\u53f8']，在hive数据库的值为[u'XXXXXXXXXX', u'XXXXXXXXXX']
tradeMarks..appDate 字段在hive数据库的值为[u'2015-04-27', u'2015-04-27']
tradeMarks..beginDate 字段在hive数据库的值为[u'', u'']
tradeMarks..checkDate 字段在hive数据库的值为[u'', u'']
tradeMarks..endDate 字段在hive数据库的值为[u'', u'']
tradeMarks..markCodeKey 字段在hive数据库的值为[u'16817164', u'16817130']
tradeMarks..markName 字段在hive数据库的值为[u'XXXXXXXXXX', u'XXXXXXXXXX']
tradeMarks..markTypeNew 字段在hive数据库的值为[u'XXXXXXXXXX', u'XXXXXXXXXX']
tradeMarks..regDate 字段在hive数据库的值为[u'', u'']
tradeMarks..typeDetailDes 字段在hive数据库的值为[u'\u6280\u672f\u7814\u7a76\uff1b\u6280\u672f\u9879\u76ee\u7814\u7a76\uff1b\u8ba1\u7b97\u673a\u786c\u4ef6\u8bbe\u8ba1\u548c\u5f00\u53d1\u54a8\u8be2\uff1b \u8ba1\u7b97\u673a\u8f6f\u4ef6\u7ef4\u62a4\uff1b \u66ff\u4ed6\u4eba\u521b\u5efa\u548c\u7ef4\u62a4\u7f51\u7ad9\uff1b \u7f51\u7ad9\u8bbe\u8ba1\u54a8\u8be2\uff1b \u8f6f\u4ef6\u8fd0\u8425\u670d\u52a1\uff08 SaaS\uff09\uff1b \u8ba1\u7b97\u673a\u8f6f\u4ef6\u8bbe\u8ba1\uff1b \u8ba1\u7b97\u673a\u7f16\u7a0b\uff1b \u4fe1\u606f\u6280\u672f\u54a8\u8be2\u670d\u52a1 ', u'\u6280\u672f\u9879\u76ee\u7814\u7a76\uff1b\u6280\u672f\u7814\u7a76\uff1b\u8ba1\u7b97\u673a\u7f16\u7a0b\uff1b\u66ff\u4ed6\u4eba\u521b\u5efa\u548c\u7ef4\u62a4\u7f51\u7ad9\uff1b \u4fe1\u606f\u6280\u672f\u54a8\u8be2\u670d\u52a1\uff1b \u8ba1\u7b97\u673a\u8f6f\u4ef6\u7ef4\u62a4\uff1b \u8ba1\u7b97\u673a\u786c\u4ef6\u8bbe\u8ba1\u548c\u5f00\u53d1\u54a8\u8be2\uff1b \u8ba1\u7b97\u673a\u8f6f\u4ef6\u8bbe\u8ba1\uff1b \u7f51\u7ad9\u8bbe\u8ba1\u54a8\u8be2\uff1b \u8f6f\u4ef6\u8fd0\u8425\u670d\u52a1\uff08 SaaS\uff09 ']
tradeMarks..xianGmuNew 字段在hive数据库的值为[u'\u5546\u6807\u6ce8\u518c\u7533\u8bf7\u53d7\u7406\u901a\u77e5\u4e66\u53d1\u6587', u'\u5546\u6807\u6ce8\u518c\u7533\u8bf7\u53d7\u7406\u901a\u77e5\u4e66\u53d1\u6587']
queryTime 字段在json中的值为[1535079734571]，在hive数据库的值为[u'2018-08-24 11:02:14.0', u'2018-08-24 11:02:14.0']

.............................................打开文件telecredit_trafficRegion.ini.............................................
---------------------------------------------正在校验third_teyf_car_violate表字段---------------------------------------------
crNo 字段测试通过,该值为空
idCard字段为加密字段不用效验
mobile字段为加密字段不用效验
applyNo 字段测试通过,该值为空
currentTime字段效验通过
appKey字段效验通过
token字段效验通过
data..CityID 字段在json中的值为[4401]，在hive数据库的值为[u'4401']
data..CityName字段效验通过
data..Name字段效验通过
data..CarNumberPrefix字段效验通过
data..CarCodeLen 字段在json中的值为[6]，在hive数据库的值为[u'6']
data..CarEngineLen 字段在json中的值为[4]，在hive数据库的值为[u'4']
data..CarOwnerLen 字段在json中的值为[0]，在hive数据库的值为[u'0']
queryTime 字段在json中的值为[1535079734571]，在hive数据库的值为[u'2018-08-24 11:02:14.0']

.............................................打开文件zhongchengxin_trareport.ini.............................................
---------------------------------------------正在校验third_zcx_trareport表字段---------------------------------------------
crNo 字段测试通过,该值为空
idCard字段为加密字段不用效验
mobile字段为加密字段不用效验
applyNo 字段测试通过,该值为空
resCode字段效验通过
resMsg字段效验通过
reqTid字段效验通过
tid字段效验通过
data..sign 字段测试通过,该值为空
data..totalFlightTimes字段效验通过
data..domesticFlightTimes字段效验通过
data..internalFlightTimes字段效验通过
data..bestCabin字段效验通过
data..bestCabinTimes字段效验通过
data..freqCabin字段效验通过
data..freqCabinTimes字段效验通过
data..firstClassTimes字段效验通过
data..businessClassTimes字段效验通过
data..economyClassTimes字段效验通过
data..freqFromCity字段效验通过
data..freqFromCityCount字段效验通过
data..freqToCity字段效验通过
data..freqToCityCount字段效验通过
data..avgTicketPrice 字段在json中的值为[600]，在hive数据库的值为[u'600']
data..recentTravelTime字段效验通过
data..membershipGrade字段效验通过
data..flightScore字段效验通过
data..freqTravelTime字段效验通过
data..freqAirlineCompany字段效验通过
data..freqAirlineCompanyCount 字段在json中的值为[1]，在hive数据库的值为[u'1']
data..freeTimes 字段在json中的值为[0]，在hive数据库的值为[u'0']
data..totalDelay 字段在json中的值为[2]，在hive数据库的值为[u'2']
data..totalDelayTimes 字段在json中的值为[1]，在hive数据库的值为[u'1']
data..totalFlyTpm 字段在json中的值为[693]，在hive数据库的值为[u'693']
data..flytimes字段效验通过
data..avgdiscount字段效验通过
data..avgTicketday 字段在json中的值为[10]，在hive数据库的值为[u'10']
queryTime 字段在json中的值为[1535079734571]，在hive数据库的值为[u'2018-08-24 11:02:14.0']

.............................................打开文件zxt_propertyVerify.ini.............................................
---------------------------------------------正在校验third_zxt_house_verify表字段---------------------------------------------
crNo 字段测试通过,该值为空
idCard字段为加密字段不用效验
mobile字段为加密字段不用效验
applyNo 字段测试通过,该值为空
task_id字段效验通过
user_id字段效验通过
data..verify_result字段效验通过
data..last_time 字段测试通过,该值为空
queryTime 字段在json中的值为[1535079734571]，在hive数据库的值为[u'2018-08-24 11:02:14.0']

.............................................打开文件telecredit_trafficViolation.ini.............................................
---------------------------------------------正在校验third_teyf_traff_violate_comm表字段---------------------------------------------
crNo 字段测试通过,该值为空
idCard字段为加密字段不用效验
mobile字段为加密字段不用效验
applyNo 字段测试通过,该值为空
currentTime字段效验通过
appKey字段效验通过
token字段效验通过
plate字段效验通过
plateType字段效验通过
enginno字段效验通过
vehicleIdentificationNumber字段效验通过
seqNum字段效验通过
message字段效验通过
queryTime 字段在json中的值为[1535079734571]，在hive数据库的值为[u'2018-08-24 11:02:14.0']
---------------------------------------------正在校验third_teyf_traff_violate_record表字段---------------------------------------------
crNo 字段测试通过,该值为空
idCard字段为加密字段不用效验
mobile字段为加密字段不用效验
applyNo 字段测试通过,该值为空
seqNums字段效验通过
records..Time 字段在json中的值为[u'2017-12-19 08:34:53']，在hive数据库的值为[u'2017-12-19 08:34:53.0']
records..Locations字段效验通过
records..Reasons字段效验通过
records..counts字段效验通过
records..statuss字段效验通过
records..Degrees字段效验通过
records..Codes字段效验通过
records..Latefines字段效验通过
records..Locationid 字段在json中的值为[0]，在hive数据库的值为[u'0']
records..LocationNames字段效验通过
records..DataSourceID 字段在json中的值为[9944]，在hive数据库的值为[u'9944']
records..RecordTypes字段效验通过
records..Poundages字段效验通过
records..CanProcesss字段效验通过
records..SecondaryUniqueCode 字段在json中的值为[u'1176454']，在hive数据库的值为[1176454]
records..UniqueCodes字段效验通过
records..DegreePoundages字段效验通过
records..Others字段效验通过
queryTime 字段在json中的值为[1535079734571]，在hive数据库的值为[u'2018-08-24 11:02:14.0']

.............................................打开文件tcredit_vehicleInsuranceRec.ini.............................................
---------------------------------------------正在校验third_tc_tcredit_isrnce_rpt表字段---------------------------------------------
crNo 字段测试通过,该值为空
idCard字段为加密字段不用效验
mobile字段为加密字段不用效验
applyNo 字段测试通过,该值为空
appId字段效验通过
tokenKey字段效验通过
plate 字段在json中的值为[u'\u6842D38332']，在hive数据库的值为[u'xxxx']
vin字段效验通过
seqNum字段效验通过
message字段效验通过
data..queryMsg字段效验通过
data..queryStatus字段效验通过
data..overview..dangerSumMone 字段测试通过,该值为空
data..overview..serviceSumCount字段效验通过
data..overview..barterSumMoney 字段在json中的值为[238000]，在hive数据库的值为[u'238000']
data..overview..findCount字段效验通过
data..overview..barterSumCount字段效验通过
data..overview..serviceSumMone 字段测试通过,该值为空
queryTime 字段在json中的值为[1535079734571]，在hive数据库的值为[u'2018-08-24 11:02:14.0']
---------------------------------------------正在校验third_tc_tcredit_record表字段---------------------------------------------
crNo 字段测试通过,该值为空
idCard字段为加密字段不用效验
mobile字段为加密字段不用效验
applyNo 字段测试通过,该值为空
seqNums字段效验通过
records..serviceMoneys字段效验通过
records..dangerMoneys字段效验通过
records..barterMoneys字段效验通过
records..plate 字段在json中的值为[u'\u6842D38332']，在hive数据库的值为[None]
records..otherMoneys字段效验通过
records..date 字段在json中的值为[u'2015-10-21 05:00:00']，在hive数据库的值为[u'2015-10-21 05:00:00.0']
records..vin 字段测试通过,该值为空
queryTime 字段在json中的值为[1535079734571]，在hive数据库的值为[u'2018-08-24 11:02:14.0']
---------------------------------------------正在校验third_tc_tcredit_record_ret表字段---------------------------------------------
crNo 字段测试通过,该值为空
idCard字段为加密字段不用效验
mobile字段为加密字段不用效验
applyNo 字段测试通过,该值为空
seqNums字段效验通过
records..result..dangerSingleMoneys字段效验通过
records..result..dangerSingleMoneys字段效验通过
records..result..dangerSingleTypes字段效验通过
records..result..dangerSingleTypes字段效验通过
records..result..dangerSingleNames字段效验通过
records..result..dangerSingleNames字段效验通过
queryTime 字段在json中的值为[1535079734571]，在hive数据库的值为[u'2018-08-24 11:02:14.0', u'2018-08-24 11:02:14.0']

